\BOOKMARK [0][-]{chapter.1}{\376\377\160\355\122\233\133\146\166\204\127\372\147\054\211\304\137\213}{}% 1
\BOOKMARK [1][-]{section.1.1}{\376\377\160\355\122\233\133\146\174\373\176\337\000\050\145\131\147\120\000P\0002\000\051}{chapter.1}% 2
\BOOKMARK [1][-]{section.1.2}{\376\377\121\340\116\052\116\016\162\151\140\001\145\271\172\013\147\011\121\163\166\204\162\151\164\006\221\317\000\050\145\131\147\120\000P\0007\000\051}{chapter.1}% 3
\BOOKMARK [1][-]{section.1.3}{\376\377\162\151\140\001\145\271\172\013\000\050\145\131\147\120\000P\0008\000\051}{chapter.1}% 4
\BOOKMARK [1][-]{section.1.4}{\376\377\160\355\122\233\133\146\173\054\226\366\133\232\137\213\000\050\160\355\136\163\210\141\133\232\137\213\000\051\000\050\145\131\147\120\000P\0005\000\051}{chapter.1}% 5
\BOOKMARK [1][-]{section.1.5}{\376\377\160\355\122\233\133\146\173\054\116\000\133\232\137\213\000\050\145\131\147\120\000P\0001\0007\000\051}{chapter.1}% 6
\BOOKMARK [1][-]{section.1.6}{\376\377\160\355\122\233\133\146\173\054\116\214\133\232\137\213\000\050\0002\171\315\210\150\217\360\377\014\145\131\147\120\000P\0002\0005\000\051}{chapter.1}% 7
\BOOKMARK [1][-]{section.1.7}{\376\377\160\355\122\233\133\146\173\054\116\011\133\232\137\213\000\050\145\131\147\120\000P\0001\0000\0005\000-\0001\0000\0006\000\051}{chapter.1}% 8
\BOOKMARK [1][-]{section.1.8}{\376\377\160\355\133\271\000\050\145\131\147\120\000P\0001\0007\000\051}{chapter.1}% 9
\BOOKMARK [1][-]{section.1.9}{\376\377\161\023\000\050\145\131\147\120\000P\0001\0007\000\051}{chapter.1}% 10
\BOOKMARK [1][-]{section.1.10}{\376\377\161\046\200\063\133\232\137\213}{chapter.1}% 11
\BOOKMARK [1][-]{section.1.11}{\376\377\123\141\213\372\137\252\163\257\000\050\145\131\147\120\000P\0002\0002\000\051}{chapter.1}% 12
\BOOKMARK [1][-]{section.1.12}{\376\377\123\141\213\372\133\232\164\006\000\050\145\131\147\120\000P\0002\0007\000\051}{chapter.1}% 13
\BOOKMARK [1][-]{section.1.13}{\376\377\121\113\142\311\117\356\145\257\116\015\173\111\137\017}{chapter.1}% 14
\BOOKMARK [1][-]{section.1.14}{\376\377\160\355\122\233\133\146\156\051\150\007\000\050\116\015\140\016\116\110\200\003\377\014\145\131\147\120\000P\0002\0008\000\051}{chapter.1}% 15
\BOOKMARK [1][-]{section.1.15}{\376\377\161\265\000\050\145\131\147\120\000P\0003\0001\000\051}{chapter.1}% 16
\BOOKMARK [1][-]{section.1.16}{\376\377\164\006\140\363\154\024\117\123\166\204\161\265\000\050\145\131\147\120\000P\0003\0003\000\051}{chapter.1}% 17
\BOOKMARK [1][-]{section.1.17}{\376\377\161\265\130\236\122\240\123\237\164\006\000\050\145\131\147\120\000P\0003\0008\000\051}{chapter.1}% 18
\BOOKMARK [1][-]{section.1.18}{\376\377\201\352\165\061\200\375\000\050\146\057\173\111\156\051\173\111\133\271\174\373\176\337\166\204\122\044\143\156\000\051\000\050\145\131\147\120\000P\0003\0008\000\051}{chapter.1}% 19
\BOOKMARK [1][-]{section.1.19}{\376\377\124\011\136\003\145\257\121\375\145\160\000\050\146\057\173\111\156\051\173\111\123\213\174\373\176\337\166\204\122\044\143\156\000\051\000\050\145\131\147\120\000P\0003\0009\000\051}{chapter.1}% 20
\BOOKMARK [0][-]{chapter.2}{\376\377\127\107\123\000\162\151\215\050\166\204\160\355\122\233\133\146\140\047\215\050}{}% 21
\BOOKMARK [1][-]{section.2.1}{\376\377\121\205\200\375\377\014\161\023\377\014\201\352\165\061\200\375\124\214\124\011\136\003\145\257\121\375\145\160\166\204\121\150\137\256\122\006\000\050\145\131\147\120\000P\0004\0002\000\051}{chapter.2}% 22
\BOOKMARK [1][-]{section.2.2}{\376\377\236\246\121\113\145\257\227\346\121\163\174\373\000\050\145\131\147\120\000P\0004\0003\000\051}{chapter.2}% 23
\BOOKMARK [1][-]{section.2.3}{\376\377\236\246\121\113\145\257\227\346\121\163\174\373\166\204\136\224\165\050\000\050\200\375\140\001\116\016\161\023\140\001\121\163\174\373\000\051\000\050\145\131\147\120\000P\0004\0003\000-\0004\0005\000\051}{chapter.2}% 24
\BOOKMARK [1][-]{section.2.4}{\376\377\226\305\123\357\153\324\210\114\122\027\137\017\000\050\145\131\147\120\000P\0002\0009\0004\000-\0002\0009\0005\000\051}{chapter.2}% 25
\BOOKMARK [1][-]{section.2.5}{\376\377\154\024\156\051\166\204\202\202\155\101\217\307\172\013\000\050\145\131\147\120\000P\0004\0006\000\051}{chapter.2}% 26
\BOOKMARK [1][-]{section.2.6}{\376\377\176\335\160\355\201\250\200\300\217\307\172\013\000\050\145\131\147\120\000P\0004\0009\000\051}{chapter.2}% 27
\BOOKMARK [1][-]{section.2.7}{\376\377\121\205\200\375\166\204\171\357\122\006\210\150\217\276\137\017\000\050\145\131\147\120\000P\0004\0009\000\051}{chapter.2}% 28
\BOOKMARK [1][-]{section.2.8}{\376\377\161\265\166\204\171\357\122\006\210\150\217\276\137\017\000\050\145\131\147\120\000P\0004\0009\000-\0005\0000\000\051}{chapter.2}% 29
\BOOKMARK [0][-]{chapter.3}{\376\377\123\125\121\103\174\373\166\204\166\370\123\330}{}% 30
\BOOKMARK [1][-]{section.3.1}{\376\377\136\163\210\141\122\044\143\156\000\050\145\131\147\120\000P\0006\0003\000-\0006\0004\000\051}{chapter.3}% 31
\BOOKMARK [1][-]{section.3.2}{\376\377\174\373\176\337\166\204\136\163\210\141\162\266\140\001\000\050\145\131\147\120\000P\0006\0004\000\051}{chapter.3}% 32
\BOOKMARK [1][-]{section.3.3}{\376\377\174\373\176\337\172\063\133\232\140\047\166\204\136\163\210\141\147\141\116\366\000\050\145\131\147\120\000P\0006\0005\000-\0006\0006\000\051}{chapter.3}% 33
\BOOKMARK [1][-]{section.3.4}{\376\377\220\350\122\006\151\202\137\365\000\050\116\146\116\012\154\241\147\011\377\014\217\331\221\314\137\122\176\263\116\000\116\013\000\051}{chapter.3}% 34
\BOOKMARK [1][-]{section.3.5}{\376\377\123\026\133\146\122\277\000\050\145\131\147\120\000P\0006\0007\000\051}{chapter.3}% 35
\BOOKMARK [1][-]{section.3.6}{\376\377\137\000\174\373\166\204\121\205\200\375\377\014\161\023\377\014\201\352\165\061\200\375\000\050\145\131\147\120\000P\0006\0007\000\051}{chapter.3}% 36
\BOOKMARK [1][-]{section.3.7}{\376\377\135\350\160\355\122\233\122\277\000\050\145\131\147\120\000P\0006\0007\000\051}{chapter.3}% 37
\BOOKMARK [1][-]{section.3.8}{\376\377\123\125\121\103\174\373\166\204\131\015\166\370\136\163\210\141\147\141\116\366\000\050\145\131\147\120\000P\0006\0008\000-\0006\0009\000\051}{chapter.3}% 38
\BOOKMARK [1][-]{section.3.9}{\376\377\142\160\122\250\215\213\122\277\000\050\145\131\147\120\000P\0006\0009\000\051}{chapter.3}% 39
\BOOKMARK [1][-]{section.3.10}{\376\377\123\125\121\103\131\015\166\370\174\373\166\204\166\370\126\376\000\050\145\131\147\120\000P\0006\0009\000\051}{chapter.3}% 40
\BOOKMARK [1][-]{section.3.11}{\376\377\121\113\142\311\117\057\237\231\145\271\172\013\000\050\145\131\147\120\000P\0007\0001\000-\0007\0002\000\051}{chapter.3}% 41
\BOOKMARK [1][-]{section.3.12}{\376\377\116\064\165\114\160\271\124\214\154\024\155\262\116\044\166\370\166\204\217\154\123\330\000\050\145\131\147\120\000P\0007\0003\000\051}{chapter.3}% 42
\BOOKMARK [0][-]{chapter.4}{\376\377\131\032\121\103\174\373\166\204\131\015\166\370\136\163\210\141}{}% 43
\BOOKMARK [1][-]{section.4.1}{\376\377\124\011\136\003\145\257\166\370\163\207\000\050\145\131\147\120\000P\0009\0003\000-\0009\0004\000\051}{chapter.4}% 44
