\BOOKMARK [0][-]{chapter.1}{\376\377\137\025\213\272}{}% 1
\BOOKMARK [1][-]{section.1.1}{\376\377\213\357\135\356\147\145\156\220\060\001\122\006\174\173}{chapter.1}% 2
\BOOKMARK [1][-]{section.1.2}{\376\377\213\357\135\356\060\001\147\011\145\110\145\160\133\127}{chapter.1}% 3
\BOOKMARK [0][-]{chapter.2}{\376\377\143\322\120\074\154\325}{}% 4
\BOOKMARK [1][-]{section.2.1}{\376\377\230\204\131\007\167\345\213\306}{chapter.2}% 5
\BOOKMARK [1][-]{section.2.2}{\376\377\143\322\120\074\127\372\121\375\145\160\116\016\000L\000a\000g\000r\000a\000n\000g\000e\143\322\120\074}{chapter.2}% 6
\BOOKMARK [1][-]{section.2.3}{\376\377\162\133\230\177\143\322\120\074}{chapter.2}% 7
\BOOKMARK [1][-]{section.2.4}{\376\377\122\006\153\265\143\322\120\074}{chapter.2}% 8
\BOOKMARK [1][-]{section.2.5}{\376\377\123\204\174\163\162\171\143\322\120\074}{chapter.2}% 9
\BOOKMARK [0][-]{chapter.3}{\376\377\147\000\134\017\116\214\116\130\154\325}{}% 10
\BOOKMARK [1][-]{section.3.1}{\376\377\133\232\116\111}{chapter.3}% 11
\BOOKMARK [1][-]{section.3.2}{\376\377\213\241\173\227}{chapter.3}% 12
\BOOKMARK [1][-]{section.3.3}{\376\377\136\070\165\050\153\143\116\244\131\032\230\171\137\017}{chapter.3}% 13
\BOOKMARK [1][-]{section.3.4}{\376\377\167\333\166\376\145\271\172\013\176\304\154\102\211\343}{chapter.3}% 14
\BOOKMARK [0][-]{chapter.4}{\376\377\145\160\120\074\171\357\122\006}{}% 15
\BOOKMARK [1][-]{section.4.1}{\376\377\127\372\147\054\140\035\215\357}{chapter.4}% 16
\BOOKMARK [1][-]{section.4.2}{\376\377\121\154\137\017}{chapter.4}% 17
\BOOKMARK [1][-]{section.4.3}{\376\377\147\072\150\260\154\102\171\357}{chapter.4}% 18
\BOOKMARK [1][-]{section.4.4}{\376\377\116\343\145\160\174\276\136\246\040\024\210\141\221\317\154\102\171\357\121\154\137\017\166\204\174\276\136\246}{chapter.4}% 19
\BOOKMARK [1][-]{section.4.5}{\376\377\131\015\123\026\154\102\171\357\121\154\137\017}{chapter.4}% 20
\BOOKMARK [1][-]{section.4.6}{\376\377\131\015\123\026\154\102\171\357\121\154\137\017\117\131\230\171}{chapter.4}% 21
\BOOKMARK [0][-]{chapter.5}{\376\377\211\343\176\277\140\047\145\271\172\013\166\204\166\364\143\245\145\271\154\325}{}% 22
\BOOKMARK [1][-]{section.5.1}{\376\377\227\136\131\107\137\002\167\351\226\065}{chapter.5}% 23
\BOOKMARK [1][-]{section.5.2}{\376\377\167\351\226\065\166\204\162\171\137\201\120\074\116\016\214\061\123\112\137\204}{chapter.5}% 24
\BOOKMARK [1][-]{section.5.3}{\376\377\000G\000a\000u\000s\000s\000\040\155\210\123\273\154\325}{chapter.5}% 25
\BOOKMARK [1][-]{section.5.4}{\376\377\122\027\116\073\121\103\175\040\000\040\000G\000a\000u\000s\000s\000\040\155\210\121\103\154\325}{chapter.5}% 26
\BOOKMARK [1][-]{section.5.5}{\376\377\166\364\143\245\116\011\211\322\122\006\211\343\154\325\377\010\221\315\160\271\200\003\133\337\377\011}{chapter.5}% 27
\BOOKMARK [1][-]{section.5.6}{\376\377\116\015\220\011\116\073\121\103\166\204\000\040\000D\000o\000o\000l\000i\000t\000t\000l\000e\000\040\122\006\211\343\377\010\221\315\160\271\200\003\133\337\377\011}{chapter.5}% 28
\BOOKMARK [1][-]{section.5.7}{\376\377\122\027\116\073\121\103\166\204\000\040\000D\000o\000o\000l\000i\000t\000t\000l\000e\000\040\122\006\211\343\377\010\116\206\211\343\377\011}{chapter.5}% 29
\BOOKMARK [1][-]{section.5.8}{\376\377\136\163\145\271\150\071\154\325\377\010\174\373\145\160\167\351\226\065\116\072\153\143\133\232\133\371\171\360\167\351\226\065\377\011}{chapter.5}% 30
\BOOKMARK [0][-]{chapter.6}{\376\377\211\343\176\277\140\047\145\271\172\013\176\304\166\204\217\355\116\343\211\343\154\325}{}% 31
\BOOKMARK [1][-]{section.6.1}{\376\377\133\232\116\111}{chapter.6}% 32
\BOOKMARK [1][-]{section.6.2}{\376\377\215\335\171\273\121\375\145\160\136\224\156\341\215\263\166\204\140\047\215\050}{chapter.6}% 33
\BOOKMARK [1][-]{section.6.3}{\376\377\000P\203\003\145\160}{chapter.6}% 34
\BOOKMARK [1][-]{section.6.4}{\376\377\124\021\221\317\225\364\166\204\215\335\171\273}{chapter.6}% 35
\BOOKMARK [1][-]{section.6.5}{\376\377\167\351\226\065\203\003\145\160}{chapter.6}% 36
\BOOKMARK [1][-]{section.6.6}{\376\377\173\227\133\120\203\003\145\160}{chapter.6}% 37
\BOOKMARK [1][-]{section.6.7}{\376\377\176\277\140\047\145\271\172\013\176\304\166\204\220\001\116\343\211\343\154\325}{chapter.6}% 38
\BOOKMARK [0][-]{chapter.7}{\376\377\145\271\172\013\154\102\150\071}{}% 39
\BOOKMARK [1][-]{section.7.1}{\376\377\145\066\145\133}{chapter.7}% 40
\BOOKMARK [1][-]{section.7.2}{\376\377\116\214\122\006\154\325\154\102\150\071}{chapter.7}% 41
\BOOKMARK [1][-]{section.7.3}{\376\377\116\015\122\250\160\271\217\355\116\343}{chapter.7}% 42
\BOOKMARK [1][-]{section.7.4}{\376\377\000N\000e\000w\000t\000o\000n\000\040\217\355\116\343\154\325}{chapter.7}% 43
\BOOKMARK [1][-]{section.7.5}{\376\377\162\133\230\177\116\013\134\161\154\325}{chapter.7}% 44
\BOOKMARK [1][-]{section.7.6}{\376\377\137\046\142\052\154\325\217\355\116\343}{chapter.7}% 45
\BOOKMARK [1][-]{section.7.7}{\376\377\217\355\116\343\122\240\220\037}{chapter.7}% 46
\BOOKMARK [0][-]{appendix.A}{\376\377\137\025\213\272}{}% 47
\BOOKMARK [1][-]{section.A.1}{\376\377\130\153\172\172\230\230}{appendix.A}% 48
\BOOKMARK [1][-]{section.A.2}{\376\377\213\241\173\227\230\230}{appendix.A}% 49
\BOOKMARK [0][-]{appendix.B}{\376\377\143\322\120\074\154\325}{}% 50
\BOOKMARK [1][-]{section.B.1}{\376\377\130\153\172\172\230\230}{appendix.B}% 51
\BOOKMARK [1][-]{section.B.2}{\376\377\213\241\173\227\230\230}{appendix.B}% 52
\BOOKMARK [0][-]{appendix.C}{\376\377\147\000\134\017\116\214\116\130\154\325}{}% 53
\BOOKMARK [0][-]{appendix.D}{\376\377\145\160\120\074\171\357\122\006}{}% 54
\BOOKMARK [1][-]{section.D.1}{\376\377\130\153\172\172\230\230}{appendix.D}% 55
\BOOKMARK [1][-]{section.D.2}{\376\377\213\241\173\227\230\230}{appendix.D}% 56
\BOOKMARK [0][-]{appendix.E}{\376\377\211\343\176\277\140\047\116\343\145\160\166\204\166\364\143\245\145\271\154\325}{}% 57
\BOOKMARK [1][-]{section.E.1}{\376\377\213\241\173\227\230\230}{appendix.E}% 58
\BOOKMARK [0][-]{appendix.F}{\376\377\211\343\176\277\140\047\145\271\172\013\176\304\137\227\217\355\116\343\211\343\154\325}{}% 59
\BOOKMARK [1][-]{section.F.1}{\376\377\130\153\172\172\230\230}{appendix.F}% 60
\BOOKMARK [1][-]{section.F.2}{\376\377\213\241\173\227\230\230}{appendix.F}% 61
\BOOKMARK [0][-]{appendix.G}{\376\377\145\271\172\013\154\102\150\071}{}% 62
\BOOKMARK [1][-]{section.G.1}{\376\377\130\153\172\172\230\230}{appendix.G}% 63
\BOOKMARK [1][-]{section.G.2}{\376\377\213\241\173\227\230\230}{appendix.G}% 64
