\BOOKMARK [0][-]{chapter.1}{\376\377\127\372\170\100\151\202\137\365}{}% 1
\BOOKMARK [1][-]{section.1.1}{\376\377\162\151\164\006\140\047\215\050\000\050\200\314\000\051}{chapter.1}% 2
\BOOKMARK [1][-]{section.1.2}{\376\377\155\101\117\123\166\204\217\336\176\355\116\313\215\050\120\107\213\276\040\023\133\217\211\302\164\006\213\272\152\041\127\213}{chapter.1}% 3
\BOOKMARK [1][-]{section.1.3}{\376\377\155\101\117\123\166\204\220\037\136\246\124\214\122\240\220\037\136\246}{chapter.1}% 4
\BOOKMARK [1][-]{section.1.4}{\376\377\217\371\176\277\124\214\155\101\176\277}{chapter.1}% 5
\BOOKMARK [1][-]{section.1.5}{\376\377\220\037\136\246\122\006\211\343}{chapter.1}% 6
\BOOKMARK [1][-]{section.1.6}{\376\377\145\143\136\246\124\214\155\241\136\246}{chapter.1}% 7
\BOOKMARK [1][-]{section.1.7}{\376\377\220\037\136\246\155\101\121\375\145\160\124\214\122\277\121\375\145\160}{chapter.1}% 8
\BOOKMARK [1][-]{section.1.8}{\376\377\140\073\176\323\145\143\136\246\145\313\136\246\116\345\123\312\155\101\121\375\145\160\377\014\122\277\121\375\145\160}{chapter.1}% 9
\BOOKMARK [0][-]{chapter.2}{\376\377\155\101\117\123\217\320\122\250\166\204\143\247\122\066\145\271\172\013}{}% 10
\BOOKMARK [1][-]{section.2.1}{\376\377\155\101\117\123\166\204\217\336\176\355\145\271\172\013}{chapter.2}% 11
\BOOKMARK [1][-]{section.2.2}{\376\377\210\150\227\142\136\224\122\233}{chapter.2}% 12
\BOOKMARK [1][-]{section.2.3}{\376\377\136\177\116\111\162\133\230\177\236\317\140\047\120\107\213\276}{chapter.2}% 13
\BOOKMARK [1][-]{section.2.4}{\376\377\155\101\117\123\166\204\217\320\122\250\145\271\172\013}{chapter.2}% 14
\BOOKMARK [1][-]{section.2.5}{\376\377\200\375\221\317\145\271\172\013}{chapter.2}% 15
\BOOKMARK [0][-]{chapter.3}{\376\377\133\236\232\214\155\101\117\123\122\233\133\146\166\204\127\372\147\054\123\237\164\006\124\214\145\271\154\325}{}% 16
\BOOKMARK [1][-]{section.3.1}{\376\377\221\317\176\262}{chapter.3}% 17
\BOOKMARK [1][-]{section.3.2}{\376\377\166\370\117\074\122\044\143\156}{chapter.3}% 18
\BOOKMARK [0][-]{chapter.4}{\376\377\155\101\117\123\155\241\145\313\122\250\122\233\133\146\127\372\170\100}{}% 19
\BOOKMARK [1][-]{section.4.1}{\376\377\163\257\155\101\166\204\215\167\156\220}{chapter.4}% 20
\BOOKMARK [0][-]{chapter.5}{\376\377\155\101\117\123\154\342\122\250}{}% 21
\BOOKMARK [1][-]{section.5.1}{\376\377\154\342\123\302\145\160}{chapter.5}% 22
\BOOKMARK [1][-]{section.5.2}{\376\377\154\064\227\142\221\315\122\233\154\342\000\050\137\256\134\017\142\160\122\250\000\051}{chapter.5}% 23
\BOOKMARK [1][-]{section.5.3}{\376\377\116\012\217\173\116\013\221\315\155\101\117\123\225\364\166\204\165\114\227\142\154\342}{chapter.5}% 24
\BOOKMARK [0][-]{chapter.6}{\376\377\145\313\217\154\155\101\117\123\122\250\122\233\133\146}{}% 25
\BOOKMARK [1][-]{section.6.1}{\376\377\220\037\136\246\143\250\133\374\122\240\121\145\145\313\217\154\140\357\140\047\230\171}{chapter.6}% 26
\BOOKMARK [1][-]{section.6.2}{\376\377\177\127\145\257\215\035\145\160\210\141\221\317\145\313\217\154\145\110\136\224}{chapter.6}% 27
\BOOKMARK [1][-]{section.6.3}{\376\377\171\321\154\017\122\233\145\271\124\021\166\204\122\044\145\255\000\050\123\363\142\113\207\272\145\313\133\232\122\031\000\051}{chapter.6}% 28
