\BOOKMARK [0][-]{chapter.1}{\376\377\127\060\164\003\131\047\154\024}{}% 1
\BOOKMARK [1][-]{section.1.1}{\376\377\127\060\164\003\131\047\154\024\157\024\123\026\166\204\116\011\116\052\226\066\153\265}{chapter.1}% 2
\BOOKMARK [1][-]{section.1.2}{\376\377\131\047\154\024\176\304\142\020}{chapter.1}% 3
\BOOKMARK [1][-]{section.1.3}{\376\377\131\047\154\024\154\024\156\266\200\366}{chapter.1}% 4
\BOOKMARK [1][-]{section.1.4}{\376\377\131\047\154\024\122\006\134\102}{chapter.1}% 5
\BOOKMARK [0][-]{chapter.2}{\376\377\154\024\214\141\211\201\175\040\166\204\213\241\173\227}{}% 6
\BOOKMARK [1][-]{section.2.1}{\376\377\154\024\156\051\116\016\156\051\150\007}{chapter.2}% 7
\BOOKMARK [1][-]{section.2.2}{\376\377\172\172\154\024\156\177\136\246}{chapter.2}% 8
\BOOKMARK [1][-]{section.2.3}{\376\377\162\266\140\001\145\271\172\013}{chapter.2}% 9
\BOOKMARK [1][-]{section.2.4}{\376\377\156\177\136\246\123\330\221\317\116\113\225\364\166\204\121\163\174\373}{chapter.2}% 10
\BOOKMARK [1][-]{section.2.5}{\376\377\153\324\160\355}{chapter.2}% 11
\BOOKMARK [1][-]{section.2.6}{\376\377\221\315\122\233\117\115\122\277}{chapter.2}% 12
\BOOKMARK [1][-]{section.2.7}{\376\377\117\115\122\277\232\330\136\246}{chapter.2}% 13
\BOOKMARK [0][-]{chapter.3}{\376\377\131\047\154\024\145\271\172\013}{}% 14
\BOOKMARK [1][-]{section.3.1}{\376\377\131\047\154\024\227\131\122\233\133\146\145\271\172\013}{chapter.3}% 15
\BOOKMARK [1][-]{section.3.2}{\376\377\160\355\122\233\133\146\217\307\172\013\040\023\121\306\227\131\140\001\217\307\172\013}{chapter.3}% 16
\BOOKMARK [1][-]{section.3.3}{\376\377\160\355\122\233\133\146\217\307\172\013\040\023\176\335\160\355\217\307\172\013}{chapter.3}% 17
\BOOKMARK [1][-]{section.3.4}{\376\377\160\355\122\233\133\146\217\307\172\013\040\023\123\357\220\006\217\307\172\013}{chapter.3}% 18
\BOOKMARK [0][-]{chapter.4}{\376\377\160\355\122\233\133\146\217\307\172\013}{}% 19
\BOOKMARK [1][-]{section.4.1}{\376\377\136\162\176\335\160\355\217\307\172\013}{chapter.4}% 20
\BOOKMARK [1][-]{section.4.2}{\376\377\156\177\176\335\160\355\217\307\172\013}{chapter.4}% 21
\BOOKMARK [1][-]{section.4.3}{\376\377\161\032\230\316}{chapter.4}% 22
\BOOKMARK [1][-]{section.4.4}{\376\377\156\051\156\177\123\302\221\317}{chapter.4}% 23
\BOOKMARK [1][-]{section.4.5}{\376\377\155\367\124\010\217\307\172\013}{chapter.4}% 24
\BOOKMARK [0][-]{chapter.5}{\376\377\160\355\122\233\133\146\126\376\120\317}{}% 25
\BOOKMARK [1][-]{section.5.1}{\376\377\131\047\154\024\160\355\122\233\133\146\126\376}{chapter.5}% 26
\BOOKMARK [0][-]{chapter.6}{\376\377\131\047\154\024\172\063\133\232}{}% 27
\BOOKMARK [1][-]{section.6.1}{\376\377\131\047\154\024\227\131\122\233\172\063\133\232\136\246}{chapter.6}% 28
\BOOKMARK [1][-]{section.6.2}{\376\377\154\024\127\127\217\320\122\250}{chapter.6}% 29
\BOOKMARK [1][-]{section.6.3}{\376\377\154\024\127\127\154\325\166\204\120\107\133\232\147\141\116\366}{chapter.6}% 30
\BOOKMARK [1][-]{section.6.4}{\376\377\116\015\172\063\133\232\200\375\221\317}{chapter.6}% 31
\BOOKMARK [0][-]{chapter.7}{\376\377\217\220\134\004}{}% 32
\BOOKMARK [1][-]{section.7.1}{\376\377\217\220\134\004\127\372\147\054\151\202\137\365}{chapter.7}% 33
\BOOKMARK [1][-]{section.7.2}{\376\377\131\047\154\024\133\371\217\220\134\004\166\204\124\070\145\066}{chapter.7}% 34
\BOOKMARK [1][-]{section.7.3}{\376\377\217\220\134\004\215\357\137\204}{chapter.7}% 35
\BOOKMARK [1][-]{section.7.4}{\376\377\131\047\154\024\152\041\127\213}{chapter.7}% 36
\BOOKMARK [1][-]{section.7.5}{\376\377\127\060\154\024\174\373\176\337\166\204\121\300\217\220\134\004}{chapter.7}% 37
